# JRE version: Java(TM) SE Runtime Environment (8.0_202-b08) (build 1.8.0_202-b08)
# Java VM: Java HotSpot(TM) 64-Bit Server VM (25.202-b08 mixed mode windows-amd64 compressed oops)
Heap:
 PSYoungGen      total 103424K, used 10520K [0x000000076ab00000, 0x0000000773f00000, 0x00000007c0000000)
  eden space 93184K, 11% used [0x000000076ab00000,0x000000076b5463c8,0x0000000770600000)
  from space 10240K, 0% used [0x0000000770600000,0x0000000770600000,0x0000000771000000)
  to   space 9728K, 0% used [0x0000000773580000,0x0000000773580000,0x0000000773f00000)
 ParOldGen       total 87040K, used 15974K [0x00000006c0000000, 0x00000006c5500000, 0x000000076ab00000)
  object space 87040K, 18% used [0x00000006c0000000,0x00000006c0f99b28,0x00000006c5500000)
 Metaspace       used 34646K, capacity 36392K, committed 36608K, reserved 1081344K
  class space    used 4985K, capacity 5340K, committed 5376K, reserved 1048576K
GC Heap History (10 events):
Event: 16.142 GC heap before
{Heap before GC invocations=9 (full 1):
 PSYoungGen      total 75776K, used 3693K [0x000000076ab00000, 0x0000000770000000, 0x00000007c0000000)
  eden space 65536K, 0% used [0x000000076ab00000,0x000000076ab00000,0x000000076eb00000)
  from space 10240K, 36% used [0x000000076f500000,0x000000076f89b7c8,0x000000076ff00000)
  to   space 10240K, 0% used [0x000000076eb00000,0x000000076eb00000,0x000000076f500000)
 ParOldGen       total 87552K, used 10200K [0x00000006c0000000, 0x00000006c5580000, 0x000000076ab00000)
  object space 87552K, 11% used [0x00000006c0000000,0x00000006c09f6128,0x00000006c5580000)
 Metaspace       used 20305K, capacity 21168K, committed 21296K, reserved 1067008K
  class space    used 2999K, capacity 3190K, committed 3200K, reserved 1048576K
Event: 16.234 GC heap after
Heap after GC invocations=9 (full 1):
 PSYoungGen      total 75776K, used 0K [0x000000076ab00000, 0x0000000770000000, 0x00000007c0000000)
  eden space 65536K, 0% used [0x000000076ab00000,0x000000076ab00000,0x000000076eb00000)
  from space 10240K, 0% used [0x000000076f500000,0x000000076f500000,0x000000076ff00000)
  to   space 10240K, 0% used [0x000000076eb00000,0x000000076eb00000,0x000000076f500000)
 ParOldGen       total 53760K, used 8295K [0x00000006c0000000, 0x00000006c3480000, 0x000000076ab00000)
  object space 53760K, 15% used [0x00000006c0000000,0x00000006c0819e90,0x00000006c3480000)
 Metaspace       used 20305K, capacity 21168K, committed 21296K, reserved 1067008K
  class space    used 2999K, capacity 3190K, committed 3200K, reserved 1048576K
}
Event: 18.407 GC heap before
{Heap before GC invocations=10 (full 1):
 PSYoungGen      total 75776K, used 65536K [0x000000076ab00000, 0x0000000770000000, 0x00000007c0000000)
  eden space 65536K, 100% used [0x000000076ab00000,0x000000076eb00000,0x000000076eb00000)
  from space 10240K, 0% used [0x000000076f500000,0x000000076f500000,0x000000076ff00000)
  to   space 10240K, 0% used [0x000000076eb00000,0x000000076eb00000,0x000000076f500000)
 ParOldGen       total 53760K, used 8295K [0x00000006c0000000, 0x00000006c3480000, 0x000000076ab00000)
  object space 53760K, 15% used [0x00000006c0000000,0x00000006c0819e90,0x00000006c3480000)
 Metaspace       used 24045K, capacity 25292K, committed 25472K, reserved 1071104K
  class space    used 3618K, capacity 3874K, committed 3968K, reserved 1048576K
Event: 18.421 GC heap after
Heap after GC invocations=10 (full 1):
 PSYoungGen      total 75776K, used 5221K [0x000000076ab00000, 0x0000000771a80000, 0x00000007c0000000)
  eden space 65536K, 0% used [0x000000076ab00000,0x000000076ab00000,0x000000076eb00000)
  from space 10240K, 50% used [0x000000076eb00000,0x000000076f019588,0x000000076f500000)
  to   space 9728K, 0% used [0x0000000771100000,0x0000000771100000,0x0000000771a80000)
 ParOldGen       total 53760K, used 8303K [0x00000006c0000000, 0x00000006c3480000, 0x000000076ab00000)
  object space 53760K, 15% used [0x00000006c0000000,0x00000006c081be90,0x00000006c3480000)
 Metaspace       used 24045K, capacity 25292K, committed 25472K, reserved 1071104K
  class space    used 3618K, capacity 3874K, committed 3968K, reserved 1048576K
}
Event: 20.806 GC heap before
{Heap before GC invocations=11 (full 1):
 PSYoungGen      total 75776K, used 70757K [0x000000076ab00000, 0x0000000771a80000, 0x00000007c0000000)
  eden space 65536K, 100% used [0x000000076ab00000,0x000000076eb00000,0x000000076eb00000)
  from space 10240K, 50% used [0x000000076eb00000,0x000000076f019588,0x000000076f500000)
  to   space 9728K, 0% used [0x0000000771100000,0x0000000771100000,0x0000000771a80000)
 ParOldGen       total 53760K, used 8303K [0x00000006c0000000, 0x00000006c3480000, 0x000000076ab00000)
  object space 53760K, 15% used [0x00000006c0000000,0x00000006c081be90,0x00000006c3480000)
 Metaspace       used 28820K, capacity 30464K, committed 30592K, reserved 1075200K
  class space    used 4362K, capacity 4705K, committed 4736K, reserved 1048576K
Event: 20.822 GC heap after
Heap after GC invocations=11 (full 1):
 PSYoungGen      total 102400K, used 7187K [0x000000076ab00000, 0x0000000771a00000, 0x00000007c0000000)
  eden space 93184K, 0% used [0x000000076ab00000,0x000000076ab00000,0x0000000770600000)
  from space 9216K, 77% used [0x0000000771100000,0x0000000771804d10,0x0000000771a00000)
  to   space 10240K, 0% used [0x0000000770600000,0x0000000770600000,0x0000000771000000)
 ParOldGen       total 53760K, used 8311K [0x00000006c0000000, 0x00000006c3480000, 0x000000076ab00000)
  object space 53760K, 15% used [0x00000006c0000000,0x00000006c081de90,0x00000006c3480000)
 Metaspace       used 28820K, capacity 30464K, committed 30592K, reserved 1075200K
  class space    used 4362K, capacity 4705K, committed 4736K, reserved 1048576K
}
Event: 22.767 GC heap before
{Heap before GC invocations=12 (full 1):
 PSYoungGen      total 102400K, used 43374K [0x000000076ab00000, 0x0000000771a00000, 0x00000007c0000000)
  eden space 93184K, 38% used [0x000000076ab00000,0x000000076ce56b10,0x0000000770600000)
  from space 9216K, 77% used [0x0000000771100000,0x0000000771804d10,0x0000000771a00000)
  to   space 10240K, 0% used [0x0000000770600000,0x0000000770600000,0x0000000771000000)
 ParOldGen       total 53760K, used 8311K [0x00000006c0000000, 0x00000006c3480000, 0x000000076ab00000)
  object space 53760K, 15% used [0x00000006c0000000,0x00000006c081de90,0x00000006c3480000)
 Metaspace       used 33610K, capacity 35320K, committed 35496K, reserved 1079296K
  class space    used 4905K, capacity 5264K, committed 5376K, reserved 1048576K
Event: 22.786 GC heap after
Heap after GC invocations=12 (full 1):
 PSYoungGen      total 103424K, used 5827K [0x000000076ab00000, 0x0000000773f00000, 0x00000007c0000000)
  eden space 93184K, 0% used [0x000000076ab00000,0x000000076ab00000,0x0000000770600000)
  from space 10240K, 56% used [0x0000000770600000,0x0000000770bb0eb0,0x0000000771000000)
  to   space 9728K, 0% used [0x0000000773580000,0x0000000773580000,0x0000000773f00000)
 ParOldGen       total 53760K, used 11399K [0x00000006c0000000, 0x00000006c3480000, 0x000000076ab00000)
  object space 53760K, 21% used [0x00000006c0000000,0x00000006c0b21ca0,0x00000006c3480000)
 Metaspace       used 33610K, capacity 35320K, committed 35496K, reserved 1079296K
  class space    used 4905K, capacity 5264K, committed 5376K, reserved 1048576K
}
Event: 22.786 GC heap before
{Heap before GC invocations=13 (full 2):
 PSYoungGen      total 103424K, used 5827K [0x000000076ab00000, 0x0000000773f00000, 0x00000007c0000000)
  eden space 93184K, 0% used [0x000000076ab00000,0x000000076ab00000,0x0000000770600000)
  from space 10240K, 56% used [0x0000000770600000,0x0000000770bb0eb0,0x0000000771000000)
  to   space 9728K, 0% used [0x0000000773580000,0x0000000773580000,0x0000000773f00000)
 ParOldGen       total 53760K, used 11399K [0x00000006c0000000, 0x00000006c3480000, 0x000000076ab00000)
  object space 53760K, 21% used [0x00000006c0000000,0x00000006c0b21ca0,0x00000006c3480000)
 Metaspace       used 33610K, capacity 35320K, committed 35496K, reserved 1079296K
  class space    used 4905K, capacity 5264K, committed 5376K, reserved 1048576K
Event: 22.999 GC heap after
Heap after GC invocations=13 (full 2):
 PSYoungGen      total 103424K, used 0K [0x000000076ab00000, 0x0000000773f00000, 0x00000007c0000000)
  eden space 93184K, 0% used [0x000000076ab00000,0x000000076ab00000,0x0000000770600000)
  from space 10240K, 0% used [0x0000000770600000,0x0000000770600000,0x0000000771000000)
  to   space 9728K, 0% used [0x0000000773580000,0x0000000773580000,0x0000000773f00000)
 ParOldGen       total 87040K, used 15974K [0x00000006c0000000, 0x00000006c5500000, 0x000000076ab00000)
  object space 87040K, 18% used [0x00000006c0000000,0x00000006c0f99b28,0x00000006c5500000)
 Metaspace       used 33610K, capacity 35320K, committed 35496K, reserved 1079296K
  class space    used 4905K, capacity 5264K, committed 5376K, reserved 1048576K
}

